# JRE version: OpenJDK Runtime Environment (11.0.12+7) (build 11.0.12+7-b1504.28-7817840)
# Java VM: OpenJDK 64-Bit Server VM (11.0.12+7-b1504.28-7817840, mixed mode, tiered, compressed oops, g1 gc, windows-amd64)
Heap:
 garbage-first heap   total 419840K, used 317842K [0x0000000080000000, 0x0000000100000000)
  region size 1024K, 68 young (69632K), 4 survivors (4096K)
 Metaspace       used 131272K, capacity 134611K, committed 134904K, reserved 1167360K
  class space    used 16328K, capacity 17599K, committed 17656K, reserved 1048576K
GC Heap History (20 events):
Event: 26.998 GC heap before
{Heap before GC invocations=53 (full 0):
 garbage-first heap   total 270336K, used 215395K [0x0000000080000000, 0x0000000100000000)
  region size 1024K, 37 young (37888K), 8 survivors (8192K)
 Metaspace       used 118881K, capacity 121693K, committed 121976K, reserved 1155072K
  class space    used 15078K, capacity 16128K, committed 16248K, reserved 1048576K
}
Event: 27.021 GC heap after
{Heap after GC invocations=54 (full 0):
 garbage-first heap   total 270336K, used 202880K [0x0000000080000000, 0x0000000100000000)
  region size 1024K, 5 young (5120K), 5 survivors (5120K)
 Metaspace       used 118881K, capacity 121693K, committed 121976K, reserved 1155072K
  class space    used 15078K, capacity 16128K, committed 16248K, reserved 1048576K
}
Event: 27.128 GC heap before
{Heap before GC invocations=54 (full 0):
 garbage-first heap   total 270336K, used 221312K [0x0000000080000000, 0x0000000100000000)
  region size 1024K, 24 young (24576K), 5 survivors (5120K)
 Metaspace       used 118996K, capacity 121781K, committed 121976K, reserved 1155072K
  class space    used 15078K, capacity 16128K, committed 16248K, reserved 1048576K
}
Event: 27.145 GC heap after
{Heap after GC invocations=55 (full 0):
 garbage-first heap   total 419840K, used 208408K [0x0000000080000000, 0x0000000100000000)
  region size 1024K, 3 young (3072K), 3 survivors (3072K)
 Metaspace       used 118996K, capacity 121781K, committed 121976K, reserved 1155072K
  class space    used 15078K, capacity 16128K, committed 16248K, reserved 1048576K
}
Event: 28.214 GC heap before
{Heap before GC invocations=56 (full 0):
 garbage-first heap   total 419840K, used 265752K [0x0000000080000000, 0x0000000100000000)
  region size 1024K, 68 young (69632K), 3 survivors (3072K)
 Metaspace       used 119442K, capacity 122262K, committed 122488K, reserved 1155072K
  class space    used 15133K, capacity 16205K, committed 16248K, reserved 1048576K
}
Event: 28.238 GC heap after
{Heap after GC invocations=57 (full 0):
 garbage-first heap   total 419840K, used 205610K [0x0000000080000000, 0x0000000100000000)
  region size 1024K, 9 young (9216K), 9 survivors (9216K)
 Metaspace       used 119442K, capacity 122262K, committed 122488K, reserved 1155072K
  class space    used 15133K, capacity 16205K, committed 16248K, reserved 1048576K
}
Event: 28.369 GC heap before
{Heap before GC invocations=57 (full 0):
 garbage-first heap   total 419840K, used 218922K [0x0000000080000000, 0x0000000100000000)
  region size 1024K, 20 young (20480K), 9 survivors (9216K)
 Metaspace       used 119444K, capacity 122326K, committed 122488K, reserved 1155072K
  class space    used 15133K, capacity 16205K, committed 16248K, reserved 1048576K
}
Event: 28.389 GC heap after
{Heap after GC invocations=58 (full 0):
 garbage-first heap   total 419840K, used 205732K [0x0000000080000000, 0x0000000100000000)
  region size 1024K, 2 young (2048K), 2 survivors (2048K)
 Metaspace       used 119444K, capacity 122326K, committed 122488K, reserved 1155072K
  class space    used 15133K, capacity 16205K, committed 16248K, reserved 1048576K
}
Event: 29.300 GC heap before
{Heap before GC invocations=58 (full 0):
 garbage-first heap   total 419840K, used 294820K [0x0000000080000000, 0x0000000100000000)
  region size 1024K, 74 young (75776K), 2 survivors (2048K)
 Metaspace       used 119672K, capacity 122523K, committed 122744K, reserved 1155072K
  class space    used 15147K, capacity 16221K, committed 16248K, reserved 1048576K
}
Event: 29.312 GC heap after
{Heap after GC invocations=59 (full 0):
 garbage-first heap   total 419840K, used 228967K [0x0000000080000000, 0x0000000100000000)
  region size 1024K, 8 young (8192K), 8 survivors (8192K)
 Metaspace       used 119672K, capacity 122523K, committed 122744K, reserved 1155072K
  class space    used 15147K, capacity 16221K, committed 16248K, reserved 1048576K
}
Event: 29.559 GC heap before
{Heap before GC invocations=59 (full 0):
 garbage-first heap   total 419840K, used 305767K [0x0000000080000000, 0x0000000100000000)
  region size 1024K, 78 young (79872K), 8 survivors (8192K)
 Metaspace       used 119998K, capacity 122896K, committed 123128K, reserved 1157120K
  class space    used 15168K, capacity 16255K, committed 16376K, reserved 1048576K
}
Event: 29.572 GC heap after
{Heap after GC invocations=60 (full 0):
 garbage-first heap   total 419840K, used 240716K [0x0000000080000000, 0x0000000100000000)
  region size 1024K, 10 young (10240K), 10 survivors (10240K)
 Metaspace       used 119998K, capacity 122896K, committed 123128K, reserved 1157120K
  class space    used 15168K, capacity 16255K, committed 16376K, reserved 1048576K
}
Event: 29.974 GC heap before
{Heap before GC invocations=60 (full 0):
 garbage-first heap   total 419840K, used 322636K [0x0000000080000000, 0x0000000100000000)
  region size 1024K, 80 young (81920K), 10 survivors (10240K)
 Metaspace       used 121423K, capacity 124308K, committed 124536K, reserved 1157120K
  class space    used 15341K, capacity 16418K, committed 16504K, reserved 1048576K
}
Event: 29.983 GC heap after
{Heap after GC invocations=61 (full 0):
 garbage-first heap   total 419840K, used 255986K [0x0000000080000000, 0x0000000100000000)
  region size 1024K, 4 young (4096K), 4 survivors (4096K)
 Metaspace       used 121423K, capacity 124308K, committed 124536K, reserved 1157120K
  class space    used 15341K, capacity 16418K, committed 16504K, reserved 1048576K
}
Event: 49.570 GC heap before
{Heap before GC invocations=61 (full 0):
 garbage-first heap   total 419840K, used 345074K [0x0000000080000000, 0x0000000100000000)
  region size 1024K, 73 young (74752K), 4 survivors (4096K)
 Metaspace       used 125338K, capacity 128480K, committed 128760K, reserved 1161216K
  class space    used 15863K, capacity 17068K, committed 17144K, reserved 1048576K
}
Event: 49.577 GC heap after
{Heap after GC invocations=62 (full 0):
 garbage-first heap   total 419840K, used 249547K [0x0000000080000000, 0x0000000100000000)
  region size 1024K, 7 young (7168K), 7 survivors (7168K)
 Metaspace       used 125338K, capacity 128480K, committed 128760K, reserved 1161216K
  class space    used 15863K, capacity 17068K, committed 17144K, reserved 1048576K
}
Event: 59.189 GC heap before
{Heap before GC invocations=62 (full 0):
 garbage-first heap   total 419840K, used 326347K [0x0000000080000000, 0x0000000100000000)
  region size 1024K, 83 young (84992K), 7 survivors (7168K)
 Metaspace       used 130108K, capacity 133330K, committed 133496K, reserved 1165312K
  class space    used 16265K, capacity 17479K, committed 17528K, reserved 1048576K
}
Event: 59.200 GC heap after
{Heap after GC invocations=63 (full 0):
 garbage-first heap   total 419840K, used 255349K [0x0000000080000000, 0x0000000100000000)
  region size 1024K, 10 young (10240K), 10 survivors (10240K)
 Metaspace       used 130108K, capacity 133330K, committed 133496K, reserved 1165312K
  class space    used 16265K, capacity 17479K, committed 17528K, reserved 1048576K
}
Event: 97.068 GC heap before
{Heap before GC invocations=63 (full 0):
 garbage-first heap   total 419840K, used 332149K [0x0000000080000000, 0x0000000100000000)
  region size 1024K, 86 young (88064K), 10 survivors (10240K)
 Metaspace       used 130641K, capacity 133878K, committed 134008K, reserved 1165312K
  class space    used 16286K, capacity 17512K, committed 17528K, reserved 1048576K
}
Event: 97.078 GC heap after
{Heap after GC invocations=64 (full 0):
 garbage-first heap   total 419840K, used 254354K [0x0000000080000000, 0x0000000100000000)
  region size 1024K, 4 young (4096K), 4 survivors (4096K)
 Metaspace       used 130641K, capacity 133878K, committed 134008K, reserved 1165312K
  class space    used 16286K, capacity 17512K, committed 17528K, reserved 1048576K
}

