# JRE version: OpenJDK Runtime Environment (11.0.12+7) (build 11.0.12+7-b1504.28-7817840)
# Java VM: OpenJDK 64-Bit Server VM (11.0.12+7-b1504.28-7817840, mixed mode, tiered, compressed oops, g1 gc, windows-amd64)
Heap:
 garbage-first heap   total 225280K, used 159316K [0x0000000080000000, 0x0000000100000000)
  region size 1024K, 13 young (13312K), 2 survivors (2048K)
 Metaspace       used 122257K, capacity 125469K, committed 127352K, reserved 1159168K
  class space    used 15782K, capacity 17047K, committed 17784K, reserved 1048576K
GC Heap History (20 events):
Event: 12.860 GC heap before
{Heap before GC invocations=22 (full 0):
 garbage-first heap   total 187392K, used 108640K [0x0000000080000000, 0x0000000100000000)
  region size 1024K, 22 young (22528K), 9 survivors (9216K)
 Metaspace       used 102970K, capacity 105587K, committed 105720K, reserved 1140736K
  class space    used 13303K, capacity 14293K, committed 14328K, reserved 1048576K
}
Event: 12.896 GC heap after
{Heap after GC invocations=23 (full 0):
 garbage-first heap   total 187392K, used 97746K [0x0000000080000000, 0x0000000100000000)
  region size 1024K, 2 young (2048K), 2 survivors (2048K)
 Metaspace       used 102970K, capacity 105587K, committed 105720K, reserved 1140736K
  class space    used 13303K, capacity 14293K, committed 14328K, reserved 1048576K
}
Event: 14.392 GC heap before
{Heap before GC invocations=24 (full 0):
 garbage-first heap   total 187392K, used 146898K [0x0000000080000000, 0x0000000100000000)
  region size 1024K, 49 young (50176K), 2 survivors (2048K)
 Metaspace       used 104498K, capacity 106830K, committed 107512K, reserved 1142784K
  class space    used 13371K, capacity 14286K, committed 14584K, reserved 1048576K
}
Event: 14.400 GC heap after
{Heap after GC invocations=25 (full 0):
 garbage-first heap   total 225280K, used 103640K [0x0000000080000000, 0x0000000100000000)
  region size 1024K, 6 young (6144K), 6 survivors (6144K)
 Metaspace       used 104498K, capacity 106830K, committed 107512K, reserved 1142784K
  class space    used 13371K, capacity 14286K, committed 14584K, reserved 1048576K
}
Event: 14.858 GC heap before
{Heap before GC invocations=25 (full 0):
 garbage-first heap   total 225280K, used 171224K [0x0000000080000000, 0x0000000100000000)
  region size 1024K, 71 young (72704K), 6 survivors (6144K)
 Metaspace       used 106156K, capacity 108528K, committed 109176K, reserved 1144832K
  class space    used 13598K, capacity 14527K, committed 14712K, reserved 1048576K
}
Event: 14.866 GC heap after
{Heap after GC invocations=26 (full 0):
 garbage-first heap   total 225280K, used 107087K [0x0000000080000000, 0x0000000100000000)
  region size 1024K, 8 young (8192K), 8 survivors (8192K)
 Metaspace       used 106156K, capacity 108528K, committed 109176K, reserved 1144832K
  class space    used 13598K, capacity 14527K, committed 14712K, reserved 1048576K
}
Event: 15.425 GC heap before
{Heap before GC invocations=26 (full 0):
 garbage-first heap   total 225280K, used 173647K [0x0000000080000000, 0x0000000100000000)
  region size 1024K, 74 young (75776K), 8 survivors (8192K)
 Metaspace       used 111366K, capacity 114048K, committed 114296K, reserved 1148928K
  class space    used 14338K, capacity 15392K, committed 15480K, reserved 1048576K
}
Event: 15.440 GC heap after
{Heap after GC invocations=27 (full 0):
 garbage-first heap   total 225280K, used 118396K [0x0000000080000000, 0x0000000100000000)
  region size 1024K, 10 young (10240K), 10 survivors (10240K)
 Metaspace       used 111366K, capacity 114048K, committed 114296K, reserved 1148928K
  class space    used 14338K, capacity 15392K, committed 15480K, reserved 1048576K
}
Event: 15.693 GC heap before
{Heap before GC invocations=27 (full 0):
 garbage-first heap   total 225280K, used 176764K [0x0000000080000000, 0x0000000100000000)
  region size 1024K, 68 young (69632K), 10 survivors (10240K)
 Metaspace       used 116373K, capacity 119770K, committed 119928K, reserved 1153024K
  class space    used 15295K, capacity 16667K, committed 16760K, reserved 1048576K
}
Event: 15.721 GC heap after
{Heap after GC invocations=28 (full 0):
 garbage-first heap   total 225280K, used 121314K [0x0000000080000000, 0x0000000100000000)
  region size 1024K, 3 young (3072K), 3 survivors (3072K)
 Metaspace       used 116373K, capacity 119770K, committed 119928K, reserved 1153024K
  class space    used 15295K, capacity 16667K, committed 16760K, reserved 1048576K
}
Event: 16.326 GC heap before
{Heap before GC invocations=29 (full 0):
 garbage-first heap   total 225280K, used 161250K [0x0000000080000000, 0x0000000100000000)
  region size 1024K, 44 young (45056K), 3 survivors (3072K)
 Metaspace       used 119531K, capacity 123307K, committed 123512K, reserved 1155072K
  class space    used 15740K, capacity 17263K, committed 17272K, reserved 1048576K
}
Event: 16.334 GC heap after
{Heap after GC invocations=30 (full 0):
 garbage-first heap   total 225280K, used 123068K [0x0000000080000000, 0x0000000100000000)
  region size 1024K, 5 young (5120K), 5 survivors (5120K)
 Metaspace       used 119531K, capacity 123307K, committed 123512K, reserved 1155072K
  class space    used 15740K, capacity 17263K, committed 17272K, reserved 1048576K
}
Event: 17.232 GC heap before
{Heap before GC invocations=31 (full 0):
 garbage-first heap   total 225280K, used 157884K [0x0000000080000000, 0x0000000100000000)
  region size 1024K, 41 young (41984K), 5 survivors (5120K)
 Metaspace       used 119763K, capacity 123281K, committed 124152K, reserved 1157120K
  class space    used 15646K, capacity 17074K, committed 17400K, reserved 1048576K
}
Event: 17.248 GC heap after
{Heap after GC invocations=32 (full 0):
 garbage-first heap   total 225280K, used 123306K [0x0000000080000000, 0x0000000100000000)
  region size 1024K, 7 young (7168K), 7 survivors (7168K)
 Metaspace       used 119763K, capacity 123281K, committed 124152K, reserved 1157120K
  class space    used 15646K, capacity 17074K, committed 17400K, reserved 1048576K
}
Event: 18.462 GC heap before
{Heap before GC invocations=33 (full 0):
 garbage-first heap   total 225280K, used 184746K [0x0000000080000000, 0x0000000100000000)
  region size 1024K, 66 young (67584K), 7 survivors (7168K)
 Metaspace       used 122447K, capacity 126149K, committed 126584K, reserved 1159168K
  class space    used 16022K, capacity 17568K, committed 17784K, reserved 1048576K
}
Event: 18.471 GC heap after
{Heap after GC invocations=34 (full 0):
 garbage-first heap   total 225280K, used 122368K [0x0000000080000000, 0x0000000100000000)
  region size 1024K, 4 young (4096K), 4 survivors (4096K)
 Metaspace       used 122447K, capacity 126149K, committed 126584K, reserved 1159168K
  class space    used 16022K, capacity 17568K, committed 17784K, reserved 1048576K
}
Event: 18.578 GC heap before
{Heap before GC invocations=34 (full 0):
 garbage-first heap   total 225280K, used 128512K [0x0000000080000000, 0x0000000100000000)
  region size 1024K, 11 young (11264K), 4 survivors (4096K)
 Metaspace       used 122818K, capacity 126559K, committed 126840K, reserved 1159168K
  class space    used 16079K, capacity 17621K, committed 17784K, reserved 1048576K
}
Event: 18.586 GC heap after
{Heap after GC invocations=35 (full 0):
 garbage-first heap   total 225280K, used 122034K [0x0000000080000000, 0x0000000100000000)
  region size 1024K, 1 young (1024K), 1 survivors (1024K)
 Metaspace       used 122818K, capacity 126559K, committed 126840K, reserved 1159168K
  class space    used 16079K, capacity 17621K, committed 17784K, reserved 1048576K
}
Event: 18.609 GC heap before
{Heap before GC invocations=35 (full 0):
 garbage-first heap   total 225280K, used 123058K [0x0000000080000000, 0x0000000100000000)
  region size 1024K, 4 young (4096K), 1 survivors (1024K)
 Metaspace       used 123000K, capacity 126746K, committed 127096K, reserved 1159168K
  class space    used 16103K, capacity 17663K, committed 17784K, reserved 1048576K
}
Event: 18.612 GC heap after
{Heap after GC invocations=36 (full 0):
 garbage-first heap   total 225280K, used 122452K [0x0000000080000000, 0x0000000100000000)
  region size 1024K, 2 young (2048K), 2 survivors (2048K)
 Metaspace       used 123000K, capacity 126746K, committed 127096K, reserved 1159168K
  class space    used 16103K, capacity 17663K, committed 17784K, reserved 1048576K
}

