# JRE version: OpenJDK Runtime Environment (11.0.12+7) (build 11.0.12+7-b1504.28-7817840)
# Java VM: OpenJDK 64-Bit Server VM (11.0.12+7-b1504.28-7817840, mixed mode, tiered, compressed oops, g1 gc, windows-amd64)
Heap:
 garbage-first heap   total 206848K, used 51692K [0x0000000082200000, 0x0000000100000000)
  region size 1024K, 7 young (7168K), 7 survivors (7168K)
 Metaspace       used 66388K, capacity 67148K, committed 67336K, reserved 1110016K
  class space    used 7609K, capacity 7922K, committed 7936K, reserved 1048576K
GC Heap History (17 events):
Event: 0.461 GC heap before
{Heap before GC invocations=0 (full 0):
 garbage-first heap   total 129024K, used 27648K [0x0000000082200000, 0x0000000100000000)
  region size 1024K, 24 young (24576K), 0 survivors (0K)
 Metaspace       used 12360K, capacity 12504K, committed 12800K, reserved 1060864K
  class space    used 1164K, capacity 1207K, committed 1280K, reserved 1048576K
}
Event: 0.464 GC heap after
{Heap after GC invocations=1 (full 0):
 garbage-first heap   total 129024K, used 5770K [0x0000000082200000, 0x0000000100000000)
  region size 1024K, 3 young (3072K), 3 survivors (3072K)
 Metaspace       used 12360K, capacity 12504K, committed 12800K, reserved 1060864K
  class space    used 1164K, capacity 1207K, committed 1280K, reserved 1048576K
}
Event: 0.948 GC heap before
{Heap before GC invocations=1 (full 0):
 garbage-first heap   total 129024K, used 41610K [0x0000000082200000, 0x0000000100000000)
  region size 1024K, 39 young (39936K), 3 survivors (3072K)
 Metaspace       used 20875K, capacity 21087K, committed 21296K, reserved 1069056K
  class space    used 2222K, capacity 2312K, committed 2432K, reserved 1048576K
}
Event: 0.961 GC heap after
{Heap after GC invocations=2 (full 0):
 garbage-first heap   total 129024K, used 9198K [0x0000000082200000, 0x0000000100000000)
  region size 1024K, 6 young (6144K), 6 survivors (6144K)
 Metaspace       used 20875K, capacity 21087K, committed 21296K, reserved 1069056K
  class space    used 2222K, capacity 2312K, committed 2432K, reserved 1048576K
}
Event: 1.676 GC heap before
{Heap before GC invocations=3 (full 0):
 garbage-first heap   total 129024K, used 63470K [0x0000000082200000, 0x0000000100000000)
  region size 1024K, 54 young (55296K), 6 survivors (6144K)
 Metaspace       used 32761K, capacity 33204K, committed 33456K, reserved 1079296K
  class space    used 4098K, capacity 4278K, committed 4352K, reserved 1048576K
}
Event: 1.692 GC heap after
{Heap after GC invocations=4 (full 0):
 garbage-first heap   total 129024K, used 20342K [0x0000000082200000, 0x0000000100000000)
  region size 1024K, 7 young (7168K), 7 survivors (7168K)
 Metaspace       used 32761K, capacity 33204K, committed 33456K, reserved 1079296K
  class space    used 4098K, capacity 4278K, committed 4352K, reserved 1048576K
}
Event: 1.859 GC heap before
{Heap before GC invocations=4 (full 0):
 garbage-first heap   total 129024K, used 33654K [0x0000000082200000, 0x0000000100000000)
  region size 1024K, 21 young (21504K), 7 survivors (7168K)
 Metaspace       used 35405K, capacity 35807K, committed 35920K, reserved 1081344K
  class space    used 4380K, capacity 4570K, committed 4608K, reserved 1048576K
}
Event: 1.875 GC heap after
{Heap after GC invocations=5 (full 0):
 garbage-first heap   total 129024K, used 20296K [0x0000000082200000, 0x0000000100000000)
  region size 1024K, 2 young (2048K), 2 survivors (2048K)
 Metaspace       used 35405K, capacity 35807K, committed 35920K, reserved 1081344K
  class space    used 4380K, capacity 4570K, committed 4608K, reserved 1048576K
}
Event: 2.499 GC heap before
{Heap before GC invocations=6 (full 0):
 garbage-first heap   total 129024K, used 69448K [0x0000000082200000, 0x0000000100000000)
  region size 1024K, 48 young (49152K), 2 survivors (2048K)
 Metaspace       used 45500K, capacity 45978K, committed 46160K, reserved 1089536K
  class space    used 5420K, capacity 5607K, committed 5632K, reserved 1048576K
}
Event: 2.508 GC heap after
{Heap after GC invocations=7 (full 0):
 garbage-first heap   total 167936K, used 26243K [0x0000000082200000, 0x0000000100000000)
  region size 1024K, 6 young (6144K), 6 survivors (6144K)
 Metaspace       used 45500K, capacity 45978K, committed 46160K, reserved 1089536K
  class space    used 5420K, capacity 5607K, committed 5632K, reserved 1048576K
}
Event: 3.184 GC heap before
{Heap before GC invocations=7 (full 0):
 garbage-first heap   total 167936K, used 86659K [0x0000000082200000, 0x0000000100000000)
  region size 1024K, 64 young (65536K), 6 survivors (6144K)
 Metaspace       used 51416K, capacity 52053K, committed 52176K, reserved 1095680K
  class space    used 5989K, capacity 6220K, committed 6272K, reserved 1048576K
}
Event: 3.200 GC heap after
{Heap after GC invocations=8 (full 0):
 garbage-first heap   total 167936K, used 33176K [0x0000000082200000, 0x0000000100000000)
  region size 1024K, 7 young (7168K), 7 survivors (7168K)
 Metaspace       used 51416K, capacity 52053K, committed 52176K, reserved 1095680K
  class space    used 5989K, capacity 6220K, committed 6272K, reserved 1048576K
}
Event: 4.115 GC heap before
{Heap before GC invocations=8 (full 0):
 garbage-first heap   total 167936K, used 96664K [0x0000000082200000, 0x0000000100000000)
  region size 1024K, 69 young (70656K), 7 survivors (7168K)
 Metaspace       used 58087K, capacity 58778K, committed 58960K, reserved 1101824K
  class space    used 6802K, capacity 7100K, committed 7168K, reserved 1048576K
}
Event: 4.131 GC heap after
{Heap after GC invocations=9 (full 0):
 garbage-first heap   total 167936K, used 41532K [0x0000000082200000, 0x0000000100000000)
  region size 1024K, 8 young (8192K), 8 survivors (8192K)
 Metaspace       used 58087K, capacity 58778K, committed 58960K, reserved 1101824K
  class space    used 6802K, capacity 7100K, committed 7168K, reserved 1048576K
}
Event: 4.381 GC heap before
{Heap before GC invocations=9 (full 0):
 garbage-first heap   total 167936K, used 60988K [0x0000000082200000, 0x0000000100000000)
  region size 1024K, 28 young (28672K), 8 survivors (8192K)
 Metaspace       used 59492K, capacity 60179K, committed 60296K, reserved 1101824K
  class space    used 6951K, capacity 7266K, committed 7296K, reserved 1048576K
}
Event: 4.397 GC heap after
{Heap after GC invocations=10 (full 0):
 garbage-first heap   total 167936K, used 44805K [0x0000000082200000, 0x0000000100000000)
  region size 1024K, 3 young (3072K), 3 survivors (3072K)
 Metaspace       used 59492K, capacity 60179K, committed 60296K, reserved 1101824K
  class space    used 6951K, capacity 7266K, committed 7296K, reserved 1048576K
}
Event: 5.280 GC heap before
{Heap before GC invocations=11 (full 0):
 garbage-first heap   total 167936K, used 99077K [0x0000000082200000, 0x0000000100000000)
  region size 1024K, 56 young (57344K), 3 survivors (3072K)
 Metaspace       used 66388K, capacity 67148K, committed 67336K, reserved 1110016K
  class space    used 7609K, capacity 7922K, committed 7936K, reserved 1048576K
}

